Starting:  D:\SYNPLICITY\SYNPLIFY_71A\BIN\MBIN\SYNPLIFY.EXE
Version:   7.1A       
Date:      Wed Dec 18 09:00:37 2002
Arguments: D:\Actelprj\JamaOneChip\hdl\jammaone.prj
License: synplify_pc


Running synthesis on jammaone:hdl

log file: "D:\Actelprj\JamaOneChip\hdl\jammaone.srr"

Running verilog Syntax check...
Verilog Compiler Completed

Verilog Compiler: 0 errors, 12 warnings, 0 notes

Job Canceled: "Mapper"
Running synthesis on jammaone:hdl

log file: "D:\Actelprj\JamaOneChip\hdl\jammaone.srr"

Running verilog Syntax check...
Verilog Compiler Completed

Verilog Compiler: 0 errors, 12 warnings, 0 notes

Job Canceled: "Mapper"
Running synthesis on jammaone:hdl

log file: "D:\Actelprj\JamaOneChip\hdl\jammaone.srr"

Running verilog Syntax check...
Verilog Compiler Completed

Verilog Compiler: 0 errors, 12 warnings, 0 notes

Job Canceled: "Mapper"
Running synthesis on jammaone:hdl

log file: "D:\Actelprj\JamaOneChip\hdl\jammaone.srr"

Running verilog Syntax check...
Verilog Compiler Completed

Verilog Compiler: 0 errors, 9 warnings, 0 notes

Job Canceled: "Mapper"
Running synthesis on jammaone:hdl

log file: "D:\Actelprj\JamaOneChip\hdl\jammaone.srr"

Running verilog Syntax check...
Verilog Compiler Completed

Verilog Compiler: 0 errors, 8 warnings, 0 notes

Job Canceled: "Mapper"
Running synthesis on jammaone:hdl

log file: "D:\Actelprj\JamaOneChip\hdl\jammaone.srr"

Running verilog Syntax check...
Verilog Compiler Completed

Verilog Compiler: 0 errors, 6 warnings, 0 notes

Job Canceled: "Mapper"
Running synthesis on jammaone:hdl

log file: "D:\Actelprj\JamaOneChip\hdl\jammaone.srr"

Running verilog Syntax check...
Job: "Verilog Compiler" terminated with error status: 2.
See log file "D:\Actelprj\JamaOneChip\hdl\jammaone.srr"
Verilog Compiler exited with errors
Verilog Compiler: 2 errors, 0 warnings, 0 notes

Running synthesis on jammaone:hdl

log file: "D:\Actelprj\JamaOneChip\hdl\jammaone.srr"

Running verilog Syntax check...
Job: "Verilog Compiler" terminated with error status: 2.
See log file "D:\Actelprj\JamaOneChip\hdl\jammaone.srr"
Verilog Compiler exited with errors
Verilog Compiler: 2 errors, 0 warnings, 0 notes

Running synthesis on jammaone:hdl

log file: "D:\Actelprj\JamaOneChip\hdl\jammaone.srr"

Running verilog Syntax check...
Job: "Verilog Compiler" terminated with error status: 2.
See log file "D:\Actelprj\JamaOneChip\hdl\jammaone.srr"
Verilog Compiler exited with errors
Verilog Compiler: 2 errors, 0 warnings, 0 notes

Running synthesis on jammaone:hdl

log file: "D:\Actelprj\JamaOneChip\hdl\jammaone.srr"

Running verilog Syntax check...
Job: "Verilog Compiler" terminated with error status: 2.
See log file "D:\Actelprj\JamaOneChip\hdl\jammaone.srr"
Verilog Compiler exited with errors
Verilog Compiler: 1 error, 0 warnings, 0 notes

Running synthesis on jammaone:hdl

log file: "D:\Actelprj\JamaOneChip\hdl\jammaone.srr"

Running verilog Syntax check...
Job: "Verilog Compiler" terminated with error status: 2.
See log file "D:\Actelprj\JamaOneChip\hdl\jammaone.srr"
Verilog Compiler exited with errors
Verilog Compiler: 1 error, 0 warnings, 0 notes

Running synthesis on jammaone:hdl

log file: "D:\Actelprj\JamaOneChip\hdl\jammaone.srr"

Running verilog Syntax check...
Job: "Verilog Compiler" terminated with error status: 2.
See log file "D:\Actelprj\JamaOneChip\hdl\jammaone.srr"
Verilog Compiler exited with errors
Verilog Compiler: 1 error, 6 warnings, 0 notes

Running synthesis on jammaone:hdl

log file: "D:\Actelprj\JamaOneChip\hdl\jammaone.srr"

Running verilog Syntax check...
Verilog Compiler Completed

Verilog Compiler: 0 errors, 6 warnings, 0 notes

Job Canceled: "Mapper"
Running synthesis on jammaone:hdl

log file: "D:\Actelprj\JamaOneChip\hdl\jammaone.srr"

Running verilog Syntax check...
Job: "Verilog Compiler" terminated with error status: 2.
See log file "D:\Actelprj\JamaOneChip\hdl\jammaone.srr"
Verilog Compiler exited with errors
Verilog Compiler: 5 errors, 0 warnings, 0 notes

Running synthesis on jammaone:hdl

log file: "D:\Actelprj\JamaOneChip\hdl\jammaone.srr"

Running verilog Syntax check...
Job: "Verilog Compiler" terminated with error status: 2.
See log file "D:\Actelprj\JamaOneChip\hdl\jammaone.srr"
Verilog Compiler exited with errors
Verilog Compiler: 37 errors, 0 warnings, 0 notes

Running synthesis on jammaone:hdl

log file: "D:\Actelprj\JamaOneChip\hdl\jammaone.srr"

Running verilog Syntax check...
Job: "Verilog Compiler" terminated with error status: 2.
See log file "D:\Actelprj\JamaOneChip\hdl\jammaone.srr"
Verilog Compiler exited with errors
Verilog Compiler: 6 errors, 0 warnings, 0 notes

Running synthesis on jammaone:hdl

log file: "D:\Actelprj\JamaOneChip\hdl\jammaone.srr"

Running verilog Syntax check...
Job: "Verilog Compiler" terminated with error status: 2.
See log file "D:\Actelprj\JamaOneChip\hdl\jammaone.srr"
Verilog Compiler exited with errors
Verilog Compiler: 4 errors, 0 warnings, 0 notes

Running synthesis on jammaone:hdl

log file: "D:\Actelprj\JamaOneChip\hdl\jammaone.srr"

Running verilog Syntax check...
Job: "Verilog Compiler" terminated with error status: 2.
See log file "D:\Actelprj\JamaOneChip\hdl\jammaone.srr"
Verilog Compiler exited with errors
Verilog Compiler: 3 errors, 0 warnings, 0 notes

Running synthesis on jammaone:hdl

log file: "D:\Actelprj\JamaOneChip\hdl\jammaone.srr"

Running verilog Syntax check...
Job: "Verilog Compiler" terminated with error status: 2.
See log file "D:\Actelprj\JamaOneChip\hdl\jammaone.srr"
Verilog Compiler exited with errors
Verilog Compiler: 1 error, 0 warnings, 0 notes

Running synthesis on jammaone:hdl

log file: "D:\Actelprj\JamaOneChip\hdl\jammaone.srr"

Running verilog Syntax check...
Job: "Verilog Compiler" terminated with error status: 2.
See log file "D:\Actelprj\JamaOneChip\hdl\jammaone.srr"
Verilog Compiler exited with errors
Verilog Compiler: 1 error, 0 warnings, 0 notes

Running synthesis on jammaone:hdl

log file: "D:\Actelprj\JamaOneChip\hdl\jammaone.srr"

Running verilog Syntax check...
Job: "Verilog Compiler" terminated with error status: 2.
See log file "D:\Actelprj\JamaOneChip\hdl\jammaone.srr"
Verilog Compiler exited with errors
Verilog Compiler: 1 error, 26 warnings, 0 notes

Running synthesis on jammaone:hdl

log file: "D:\Actelprj\JamaOneChip\hdl\jammaone.srr"

Running verilog Syntax check...
Job: "Verilog Compiler" terminated with error status: 2.
See log file "D:\Actelprj\JamaOneChip\hdl\jammaone.srr"
Verilog Compiler exited with errors
Verilog Compiler: 7 errors, 0 warnings, 0 notes

Running synthesis on jammaone:hdl

log file: "D:\Actelprj\JamaOneChip\hdl\jammaone.srr"

Running verilog Syntax check...
Job: "Verilog Compiler" terminated with error status: 2.
See log file "D:\Actelprj\JamaOneChip\hdl\jammaone.srr"
Verilog Compiler exited with errors
Verilog Compiler: 1 error, 7 warnings, 0 notes

Running synthesis on jammaone:hdl

log file: "D:\Actelprj\JamaOneChip\hdl\jammaone.srr"

Running verilog Syntax check...
Verilog Compiler Completed

Verilog Compiler: 0 errors, 3 warnings, 0 notes

Job Canceled: "Mapper"
Running synthesis on jammaone:hdl

log file: "D:\Actelprj\JamaOneChip\hdl\jammaone.srr"

Running verilog Syntax check...
Verilog Compiler Completed

Verilog Compiler: 0 errors, 2 warnings, 0 notes

Job Canceled: "Mapper"
Running synthesis on jammaone:hdl

log file: "D:\Actelprj\JamaOneChip\hdl\jammaone.srr"

Running verilog Syntax check...
Verilog Compiler Completed

Verilog Compiler: 0 errors, 1 warning, 0 notes

Job Canceled: "Mapper"
Running synthesis on jammaone:hdl

log file: "D:\Actelprj\JamaOneChip\hdl\jammaone.srr"

Running verilog Syntax check...
Verilog Compiler Completed

Verilog Compiler: 0 errors, 1 warning, 0 notes

Job Canceled: "Mapper"
Running synthesis on jammaone:hdl

log file: "D:\Actelprj\JamaOneChip\hdl\jammaone.srr"

Running verilog Syntax check...
Verilog Compiler Completed

Verilog Compiler: 0 errors, 0 warnings, 0 notes

Mapper Completed

Mapper: 0 errors, 0 warnings, 8 notes

Total: 0 errors, 0 warnings, 8 notes
